<?xml version="1.0" encoding="UTF-8"?>
<!-- Generated by org.testng.reporters.JUnitReportReporter -->
<testsuite hostname="LAPTOP-S6N9B0AE" failures="0" tests="1" name="test.ActitimeLoginCreateCustomer" time="49.271" errors="0" timestamp="2022-07-09T04:04:42 IST" skipped="0">
  <testcase classname="test.ActitimeLoginCreateCustomer" name="createCustomer" time="49.271"/>
  <system-out/>
</testsuite> <!-- test.ActitimeLoginCreateCustomer -->
