<?xml version="1.0" encoding="UTF-8"?>
<!-- Generated by org.testng.reporters.JUnitReportReporter -->
<testsuite hostname="LAPTOP-S6N9B0AE" failures="0" tests="3" name="test.ActitimePriority" time="36.131" errors="0" timestamp="2022-07-09T22:38:55 IST" skipped="0">
  <testcase classname="test.ActitimePriority" name="login" time="23.009"/>
  <system-out/>
  <testcase classname="test.ActitimePriority" name="creatework" time="11.104"/>
  <system-out/>
  <testcase classname="test.ActitimePriority" name="logout" time="2.018"/>
  <system-out/>
</testsuite> <!-- test.ActitimePriority -->
