<?xml version="1.0" encoding="UTF-8"?>
<!-- Generated by org.testng.reporters.JUnitReportReporter -->
<testsuite hostname="LAPTOP-S6N9B0AE" failures="0" tests="3" name="test.SkipExecutionDemo" time="0.006" errors="0" timestamp="2022-07-09T03:14:17 IST" skipped="2">
  <testcase classname="test.SkipExecutionDemo" name="A" time="0.006"/>
  <system-out/>
  <testcase classname="test.SkipExecutionDemo" name="C">
    <skipped/>
  </testcase> <!-- C -->
  <system-out/>
  <testcase classname="test.SkipExecutionDemo" name="B">
    <skipped/>
  </testcase> <!-- B -->
  <system-out/>
</testsuite> <!-- test.SkipExecutionDemo -->
