<?xml version="1.0" encoding="UTF-8"?>
<!-- Generated by org.testng.reporters.JUnitReportReporter -->
<testsuite hostname="LAPTOP-S6N9B0AE" failures="0" tests="3" name="test.ExecutionByPriority" time="0.012" errors="0" timestamp="2022-07-09T14:50:23 IST" skipped="0">
  <testcase classname="test.ExecutionByPriority" name="C" time="0.009"/>
  <system-out/>
  <testcase classname="test.ExecutionByPriority" name="A" time="0.002"/>
  <system-out/>
  <testcase classname="test.ExecutionByPriority" name="B" time="0.001"/>
  <system-out/>
</testsuite> <!-- test.ExecutionByPriority -->
