<?xml version="1.0" encoding="UTF-8"?>
<!-- Generated by org.testng.reporters.JUnitReportReporter -->
<testsuite hostname="LAPTOP-S6N9B0AE" failures="0" tests="1" name="test.ActirimePriority" time="15.333" errors="0" timestamp="2022-07-09T14:33:52 IST" skipped="0">
  <testcase classname="test.ActirimePriority" name="login" time="15.333"/>
  <system-out/>
</testsuite> <!-- test.ActirimePriority -->
