<?xml version="1.0" encoding="UTF-8"?>
<!-- Generated by org.testng.reporters.JUnitReportReporter -->
<testsuite hostname="LAPTOP-S6N9B0AE" failures="0" tests="1" name="test.ActitimeLoginLogout" time="24.755" errors="0" timestamp="2022-07-09T04:03:29 IST" skipped="0">
  <testcase classname="test.ActitimeLoginLogout" name="loginLogout" time="24.755"/>
  <system-out/>
</testsuite> <!-- test.ActitimeLoginLogout -->
